version: (200506)

available memory: 64M bytes
used memory: 196608 bytes [need 192K bytes if disable swap]

used block: 10 [memory(10) file(0)]
                 [ 8K(8) 64K(2) { total 192K bytes } ]
overhead: (9538) bytes for (10) blocks [Average: (953) bytes/block]

write  => 0(times) 0K(bytes) [0K bytes to file]
read   => 2(times) 75K(bytes) [13K bytes compressed data from file]
access => 260300(times) 2056M(bytes)
          [hit ratio: 99.9992%]

time: write(0) read(0)  unit: second

swap file directory: (/home/davidm12/ece411/mp2/verdi/verdiLog)
used swap file number: (3)



swap file manager:
arrSize: (256)
idxCnt: (4)
closeHead: (1)
closeTail: (3)
openCnt: (3)
fid(3): fd(1073741825) fileName(/home/davidm12/ece411/mp2/sim/simv.daidir/kdb.elab++/work.lib++/control.sv.tdc)
	size(18434) lastModTime(1670083440) curModTime(1670083440)
	mode(rb)	hot(0) cool(2) pos(0)
fid(2): fd(26) fileName(/home/davidm12/ece411/mp2/verdi/verdiLog/_swap_0001#-1367305797#76405)
	size(0) lastModTime(0) curModTime(1670083567)
	mode(w+b)	hot(3) cool(1) pos(0)
fid(1): fd(1073741824) fileName(/home/davidm12/ece411/mp2/sim/simv.daidir/kdb.elab++/work.lib++/top.sv.tdc)
	size(5161) lastModTime(1670083440) curModTime(1670083440)
	mode(rb)	hot(2) cool(0) pos(0)
fid(0): fd(0) fileName(NULL)
	mode(NULL)	hot(0) cool(0) pos(0)
==================================================
mySelf(18d5c870) pre(1799d0a0) next(0)
version(200506)
date(Mar 24 2021 03:58:02)
