version: (200506)

available memory: 64M bytes
used memory: 155648 bytes [need 152K bytes if disable swap]

used block: 5 [memory(5) file(0)]
                 [ 8K(3) 64K(2) { total 152K bytes } ]
overhead: (9538) bytes for (5) blocks [Average: (1907) bytes/block]

write  => 0(times) 0K(bytes) [0K bytes to file]
read   => 2(times) 13K(bytes) [3K bytes compressed data from file]
access => 89590(times) 708M(bytes)
          [hit ratio: 99.9978%]

time: write(0) read(0)  unit: second

swap file directory: (/home/davidm12/ece411/mp1/fifo/verdi/verdiLog)
used swap file number: (3)



swap file manager:
arrSize: (256)
idxCnt: (4)
closeHead: (1)
closeTail: (3)
openCnt: (3)
fid(3): fd(1073741825) fileName(/home/davidm12/ece411/mp1/fifo/sim/grading.daidir/kdb.elab++/work.lib++/testbench.sv.tdc)
	size(5232) lastModTime(1662147083) curModTime(1662147083)
	mode(rb)	hot(0) cool(2) pos(0)
fid(2): fd(26) fileName(/home/davidm12/ece411/mp1/fifo/verdi/verdiLog/_swap_0001#380376038#1696180)
	size(0) lastModTime(0) curModTime(1662147192)
	mode(w+b)	hot(3) cool(1) pos(0)
fid(1): fd(1073741824) fileName(/home/davidm12/ece411/mp1/fifo/sim/grading.daidir/kdb.elab++/work.lib++/top.sv.tdc)
	size(642) lastModTime(1662147083) curModTime(1662147083)
	mode(rb)	hot(2) cool(0) pos(0)
fid(0): fd(0) fileName(NULL)
	mode(NULL)	hot(0) cool(0) pos(0)
==================================================
mySelf(1789e400) pre(1673ab50) next(0)
version(200506)
date(Mar 24 2021 03:58:02)
