@00000060
17
04
00
00
13
04
04
60
93
80
C0
00
13
00
00
00
13
00
00
00
13
00
00
00
93
80
B0
FF
13
00
00
00
13
00
00
00
13
00
00
00
93
80
00
00
13
00
00
00
13
00
00
00
13
00
00
00
97
07
00
00
23
A4
17
60
13
71
F4
00
13
00
00
00
13
00
00
00
13
00
00
00
97
07
00
00
23
AA
27
5E
13
00
00
00
13
00
00
00
13
00
00
00
97
01
00
00
83
A1
C1
5A
13
00
00
00
13
00
00
00
13
00
00
00
17
02
00
00
03
22
C2
59
13
00
00
00
13
00
00
00
13
00
00
00
97
02
00
00
83
A2
C2
58
13
00
00
00
13
00
00
00
13
00
00
00
17
03
00
00
03
23
C3
57
13
00
00
00
13
00
00
00
13
00
00
00
B3
81
41
00
13
00
00
00
13
00
00
00
13
00
00
00
B3
81
31
00
13
00
00
00
13
00
00
00
13
00
00
00
97
07
00
00
23
AA
37
56
33
F2
32
00
13
00
00
00
13
00
00
00
13
00
00
00
97
07
00
00
23
AC
47
54
93
C2
F2
FF
13
00
00
00
13
00
00
00
13
00
00
00
97
07
00
00
23
A6
57
54
17
03
00
00
03
23
43
51
13
00
00
00
13
00
00
00
13
00
00
00
97
03
00
00
83
A3
03
50
13
00
00
00
13
00
00
00
13
00
00
00
13
13
83
00
13
00
00
00
13
00
00
00
13
00
00
00
93
D3
33
00
13
00
00
00
13
00
00
00
13
00
00
00
13
53
63
40
13
00
00
00
13
00
00
00
13
00
00
00
97
07
00
00
23
A4
67
4E
13
00
00
00
13
00
00
00
13
00
00
00
97
07
00
00
23
AA
77
4C
13
00
00
00
13
00
00
00
13
00
00
00
97
00
00
00
83
A0
40
47
17
01
00
00
03
21
C1
46
97
01
00
00
83
A1
C1
47
17
02
00
00
03
22
82
47
97
02
00
00
83
A2
42
47
17
03
00
00
03
23
C3
45
97
03
00
00
83
A3
83
45
97
00
00
00
83
A0
00
46
13
00
00
00
13
00
00
00
13
00
00
00
17
01
00
00
13
01
81
03
13
00
00
00
13
00
00
00
13
00
00
00
67
00
01
00
13
00
00
00
13
00
00
00
13
00
00
00
97
00
00
00
83
A0
C0
42
13
00
00
00
13
00
00
00
13
00
00
00
97
07
00
00
23
AE
17
40
13
00
00
00
13
00
00
00
13
00
00
00
17
01
00
00
03
21
C1
3E
13
00
00
00
13
00
00
00
13
00
00
00
97
07
00
00
23
A4
27
42
97
01
00
00
83
A1
01
3E
17
02
00
00
03
22
C2
3C
13
00
00
00
13
00
00
00
13
00
00
00
97
07
00
00
23
A4
37
40
97
07
00
00
23
A2
47
40
97
02
00
00
83
A2
82
3C
13
00
00
00
13
00
00
00
13
00
00
00
97
07
00
00
23
A6
57
3E
13
00
00
00
13
00
00
00
13
00
00
00
97
02
00
00
83
A2
C2
3C
17
02
00
00
03
22
82
3C
97
01
00
00
83
A1
41
3C
17
01
00
00
03
21
01
3C
97
07
00
00
23
AC
57
3A
97
07
00
00
23
A8
47
3A
97
07
00
00
23
A4
37
3A
97
07
00
00
23
A0
27
3A
13
00
00
00
13
00
00
00
13
00
00
00
33
01
31
00
13
00
00
00
13
00
00
00
13
00
00
00
B3
01
52
00
13
00
00
00
13
00
00
00
13
00
00
00
33
01
31
00
13
00
00
00
13
00
00
00
13
00
00
00
93
01
14
00
13
00
00
00
13
00
00
00
13
00
00
00
17
08
00
00
13
08
48
2E
A3
00
68
00
17
02
00
00
03
22
82
2D
97
07
00
00
23
8A
77
2C
97
01
00
00
83
A1
C1
2C
13
00
00
00
13
00
00
00
13
00
00
00
97
07
00
00
23
A2
37
30
97
07
00
00
23
AE
47
2E
B3
81
41
00
17
02
00
00
03
22
C2
29
EF
03
40
39
97
07
00
00
23
A4
47
30
97
02
00
00
93
82
C2
39
13
00
00
00
13
00
00
00
13
00
00
00
E7
83
02
00
97
07
00
00
23
A4
57
2E
13
03
14
00
13
00
00
00
13
00
00
00
13
00
00
00
97
08
00
00
93
88
08
29
03
83
18
00
13
00
00
00
97
03
00
00
83
83
03
28
13
00
00
00
97
07
00
00
23
AA
67
28
13
00
00
00
97
07
00
00
23
A4
77
28
13
00
00
00
13
00
00
00
13
00
00
00
33
03
73
00
EF
03
80
33
97
07
00
00
23
A0
67
22
97
00
00
00
83
A0
C0
20
17
01
00
00
03
21
41
20
97
01
00
00
83
A1
C1
1F
17
02
00
00
03
22
82
22
97
02
00
00
83
A2
02
22
17
03
00
00
03
23
83
21
97
00
00
00
83
A0
80
23
13
00
00
00
13
00
00
00
13
00
00
00
97
07
00
00
23
AC
47
1E
13
00
00
00
13
00
00
00
13
00
00
00
17
01
00
00
03
21
41
1E
97
07
00
00
23
AA
17
1C
97
07
00
00
23
A6
27
1C
13
00
00
00
93
F1
01
00
63
4C
30
00
63
CA
01
00
63
18
30
00
63
08
30
00
63
54
30
00
63
02
00
00
93
81
41
00
93
81
61
00
13
72
02
00
63
04
30
00
93
81
11
00
93
81
61
00
13
72
02
00
63
1E
40
00
13
00
00
00
13
00
00
00
13
00
00
00
13
02
A2
00
13
00
00
00
63
46
40
00
93
81
61
00
63
0A
00
00
93
81
31
00
13
00
00
00
13
00
00
00
13
00
00
00
B3
81
41
00
13
00
00
00
13
00
00
00
13
00
00
00
97
07
00
00
23
A2
37
14
97
07
00
00
23
AA
17
16
97
07
00
00
23
A8
27
16
97
07
00
00
23
A6
37
16
97
00
00
00
93
80
00
25
67
80
00
00
13
00
00
00
13
00
00
00
13
00
00
00
13
00
00
00
13
00
00
00
13
00
00
00
13
00
00
00
13
00
00
00
13
00
00
00
13
00
00
00
13
00
00
00
13
00
00
00
13
00
00
00
13
00
00
00
13
00
00
00
13
00
00
00
13
00
00
00
13
00
00
00
13
00
00
00
13
00
00
00
13
00
00
00
13
00
00
00
13
00
00
00
13
00
00
00
13
00
00
00
13
00
00
00
13
00
00
00
13
00
00
00
13
00
00
00
13
00
00
00
13
00
00
00
13
00
00
00
13
00
00
00
13
00
00
00
13
00
00
00
13
00
00
00
13
00
00
00
13
00
00
00
13
00
00
00
13
00
00
00
13
00
00
00
13
00
00
00
13
00
00
00
13
00
00
00
13
00
00
00
13
00
00
00
13
00
00
00
13
00
00
00
13
00
00
00
13
00
00
00
13
00
00
00
13
00
00
00
13
00
00
00
13
00
00
00
13
00
00
00
13
00
00
00
13
00
00
00
13
00
00
00
13
00
00
00
13
00
00
00
00
00
00
00
0F
70
00
00
AD
BE
AD
BE
20
08
01
00
EB
DE
EB
DE
AF
1E
00
00
2D
D2
2D
D2
42
00
00
00
ED
F0
ED
F0
06
B0
06
B0
0F
60
00
00
DD
DD
DD
DD
00
00
00
00
0D
60
00
00
CA
D0
CA
D0
0B
F0
0B
F0
FF
FF
FF
FF
10
10
00
00
34
12
00
00
21
89
21
89
99
99
99
99
CC
CC
CC
CC
69
69
00
00
11
BA
11
BA
88
88
88
88
CD
AB
CD
AB
10
01
00
00
BA
AB
BA
AB
5C
07
01
00
30
07
01
00
00
00
00
00
54
08
01
00
13
00
00
00
13
00
00
00
13
00
00
00
13
00
00
00
13
00
00
00
13
00
00
00
13
00
00
00
13
00
00
00
13
00
00
00
13
00
00
00
13
00
00
00
13
00
00
00
13
00
00
00
13
00
00
00
13
00
00
00
13
00
00
00
13
00
00
00
13
00
00
00
13
00
00
00
13
00
00
00
13
00
00
00
13
00
00
00
13
00
00
00
13
00
00
00
13
00
00
00
13
00
00
00
13
00
00
00
13
00
00
00
13
00
00
00
13
00
00
00
13
00
00
00
13
00
00
00
13
00
00
00
13
00
00
00
13
00
00
00
13
02
E2
00
67
80
03
00
97
02
00
00
83
A2
82
F0
67
80
03
00
97
00
00
00
83
A0
40
F1
17
01
00
00
03
21
C1
F0
97
01
00
00
83
A1
41
F0
17
02
00
00
03
22
C2
EF
97
02
00
00
83
A2
42
EF
17
03
00
00
03
23
C3
EE
67
80
03
00
17
04
00
00
13
04
C4
2A
93
F0
00
00
13
71
01
00
93
F1
01
00
93
81
D1
00
13
01
B1
00
B3
00
31
00
13
82
30
00
13
11
31
00
93
C2
F1
FF
93
71
F1
00
13
00
00
00
13
00
00
00
B3
82
31
00
93
00
52
00
93
00
A2
00
93
00
E2
00
13
F1
F0
FF
97
07
00
00
23
A0
27
26
97
07
00
00
23
AC
57
24
17
05
00
00
13
05
05
25
13
05
45
00
23
20
25
00
97
01
00
00
83
A1
C1
24
97
01
00
00
83
A1
01
24
97
07
00
00
23
AE
37
22
97
01
00
00
83
A1
81
23
13
82
B1
00
97
01
00
00
83
A1
01
23
13
52
12
00
93
82
71
00
97
00
00
00
83
A0
40
24
93
82
C2
00
93
00
C2
00
13
81
C1
00
97
07
00
00
23
AA
17
20
97
07
00
00
23
A6
27
20
97
07
00
00
23
A2
37
20
97
07
00
00
23
AE
47
1E
97
07
00
00
23
AA
57
1E
93
82
00
00
13
83
01
00
93
03
02
00
93
F0
00
00
93
F1
01
00
13
72
02
00
93
80
80
00
93
81
21
00
13
02
22
00
63
44
40
00
93
81
11
00
93
80
90
00
63
CE
00
02
13
02
12
00
17
01
00
00
03
21
81
DF
17
03
00
00
03
23
43
DF
97
03
00
00
83
A3
03
DF
17
04
00
00
13
04
04
18
93
F1
01
00
13
72
02
00
13
00
00
00
93
81
21
00
13
02
32
00
97
00
00
00
83
A0
40
18
63
C4
00
00
93
81
11
00
97
00
00
00
83
A0
80
17
63
04
10
00
13
02
12
00
97
00
00
00
83
A0
40
16
63
54
10
00
93
81
11
00
97
00
00
00
83
A0
C0
16
63
54
10
00
13
02
12
00
93
70
04
00
97
00
00
00
93
80
00
12
63
14
10
00
93
81
11
00
97
07
00
00
23
AE
37
12
97
07
00
00
23
AC
47
12
93
F0
00
00
93
F2
02
00
93
80
F0
FF
63
C6
00
00
93
82
12
00
93
80
90
FF
B3
82
50
00
13
00
00
00
13
00
00
00
13
00
00
00
97
07
00
00
23
A6
57
10
13
84
02
00
93
F2
02
00
97
00
00
00
93
80
00
01
67
80
00
00
93
82
12
00
B3
02
54
00
13
00
00
00
13
00
00
00
13
00
00
00
97
00
00
00
83
A0
40
CB
17
04
00
00
13
04
04
0A
97
07
00
00
23
AC
57
08
63
08
00
18
13
00
00
00
13
00
00
00
13
00
00
00
13
00
00
00
13
00
00
00
13
00
00
00
13
00
00
00
13
00
00
00
13
00
00
00
13
00
00
00
13
00
00
00
13
00
00
00
13
00
00
00
13
00
00
00
13
00
00
00
13
00
00
00
13
00
00
00
13
00
00
00
13
00
00
00
13
00
00
00
13
00
00
00
13
00
00
00
13
00
00
00
13
00
00
00
13
00
00
00
13
00
00
00
13
00
00
00
13
00
00
00
13
00
00
00
13
00
00
00
13
00
00
00
13
00
00
00
13
00
00
00
13
00
00
00
13
00
00
00
00
00
00
00
00
00
00
00
DA
AB
DA
AB
00
00
00
00
4D
9A
4D
9A
AC
3D
00
00
38
0B
01
00
DD
FA
DD
FA
03
FB
03
FB
11
01
00
00
20
0B
01
00
0F
F0
0F
F0
0F
F0
0F
F0
EE
0F
00
00
6C
27
00
00
00
0C
01
00
13
00
00
00
13
00
00
00
13
00
00
00
13
00
00
00
13
00
00
00
13
00
00
00
13
00
00
00
13
00
00
00
13
00
00
00
13
00
00
00
13
00
00
00
13
00
00
00
13
00
00
00
13
00
00
00
13
00
00
00
13
00
00
00
13
00
00
00
13
00
00
00
13
00
00
00
13
00
00
00
13
00
00
00
13
00
00
00
13
00
00
00
13
00
00
00
13
00
00
00
13
00
00
00
13
00
00
00
13
00
00
00
13
00
00
00
13
00
00
00
13
00
00
00
13
00
00
00
13
00
00
00
13
00
00
00
13
00
00
00
13
00
00
00
13
00
00
00
13
00
00
00
13
00
00
00
13
00
00
00
13
00
00
00
13
00
00
00
13
00
00
00
13
00
00
00
13
00
00
00
13
00
00
00
13
00
00
00
13
00
00
00
93
F3
03
00
13
73
03
00
93
F2
02
00
13
72
02
00
93
F1
01
00
13
71
01
00
93
F0
00
00
13
74
04
00
97
00
00
00
93
80
C0
41
17
01
00
00
03
21
41
40
97
01
00
00
83
A1
01
3F
23
A0
20
00
13
01
91
FF
93
80
40
00
93
81
F1
FF
E3
48
30
FE
17
02
00
00
13
02
02
3F
17
01
00
00
03
21
C1
3C
33
02
41
00
97
01
00
00
83
A1
C1
3C
93
F0
00
00
13
71
01
00
EF
03
00
27
33
83
42
00
23
20
33
00
93
81
E1
FF
EF
03
40
1C
93
82
00
00
E3
D4
02
FE
17
02
00
00
13
02
02
3B
17
01
00
00
03
21
C1
38
33
02
41
00
33
02
41
00
97
01
00
00
83
A1
81
38
93
F0
00
00
13
71
01
00
EF
03
C0
22
33
83
42
00
23
20
33
00
93
81
B1
FF
EF
03
00
1B
93
82
00
00
E3
D4
02
FE
97
01
00
00
93
81
C1
36
17
02
00
00
03
22
82
34
33
82
41
00
13
73
03
00
97
00
00
00
83
A0
00
32
17
01
00
00
03
21
C1
31
EF
03
80
1E
B3
83
42
00
03
A3
03
00
EF
03
00
17
97
07
00
00
23
A0
17
30
97
07
00
00
23
AE
27
2E
97
00
00
00
83
A0
80
2E
17
01
00
00
03
21
41
2E
EF
03
80
1B
B3
82
32
00
83
A3
02
00
33
03
73
00
23
A0
62
00
EF
03
80
10
93
83
00
00
63
CC
03
00
97
07
00
00
23
AC
17
2A
97
07
00
00
23
AA
27
2A
E3
08
00
F8
93
F0
00
00
97
07
00
00
23
A0
17
2A
97
07
00
00
23
A0
17
2A
97
07
00
00
23
AA
17
28
97
07
00
00
23
AA
17
28
97
01
00
00
93
81
C1
2B
17
02
00
00
03
22
82
29
33
02
42
00
33
82
41
00
13
73
03
00
97
00
00
00
83
A0
C0
26
17
01
00
00
03
21
81
26
EF
03
40
13
B3
83
32
00
03
A3
03
00
EF
03
C0
05
97
07
00
00
23
A6
17
24
97
07
00
00
23
A4
27
24
97
00
00
00
83
A0
40
23
17
01
00
00
03
21
01
23
EF
03
40
10
B3
82
42
00
83
A3
02
00
33
03
73
00
23
A0
62
00
EF
03
40
08
93
83
00
00
63
CC
03
00
97
07
00
00
23
A2
17
20
97
07
00
00
23
A0
27
20
E3
08
00
F8
63
00
00
0E
93
82
10
FF
63
06
50
00
93
80
10
00
63
00
00
02
93
02
11
FF
63
08
50
00
13
01
11
00
93
F0
00
00
63
06
00
00
93
F0
00
00
93
80
F0
FF
67
80
03
00
93
02
11
FF
63
06
50
00
13
01
11
00
63
00
00
02
93
82
10
FF
63
08
50
00
93
80
10
00
13
71
01
00
63
06
00
00
93
F0
00
00
93
80
F0
FF
67
80
03
00
97
07
00
00
23
A2
37
1A
93
81
10
FF
63
0A
30
02
93
01
01
00
63
00
30
02
97
01
00
00
83
A1
81
1A
93
81
10
FF
63
0E
30
00
93
80
10
00
13
01
F1
FF
63
08
00
02
13
81
10
00
93
F0
00
00
63
02
00
02
93
01
11
FF
63
0A
30
00
93
00
11
00
13
71
01
00
13
01
F1
00
63
06
00
00
93
F0
00
00
93
80
F0
FF
97
01
00
00
83
A1
41
14
67
80
03
00
93
12
51
00
B3
82
50
00
93
92
22
00
67
80
03
00
97
00
00
00
93
80
C0
14
17
02
00
00
03
22
82
12
33
02
42
00
B3
00
12
00
93
F3
03
00
13
73
03
00
93
F2
02
00
13
72
02
00
17
01
00
00
03
21
81
11
83
A1
00
00
33
82
41
00
93
80
40
00
13
01
F1
FF
E3
58
01
FE
13
12
22
00
17
01
00
00
03
21
81
0F
83
A1
00
00
B3
82
51
00
93
80
40
00
13
01
F1
FF
E3
58
01
FE
93
92
22
00
17
01
00
00
03
21
81
0D
83
A1
00
00
33
83
61
00
93
80
40
00
13
01
F1
FF
E3
58
01
FE
13
13
23
00
17
01
00
00
03
21
81
0B
83
A1
00
00
B3
83
71
00
93
80
40
00
13
01
F1
FF
E3
58
01
FE
B3
F1
71
00
93
C3
F3
FF
63
00
00
00
00
00
00
00
00
00
00
00
00
00
00
00
00
00
00
00
00
00
00
00
00
00
00
00
00
00
00
00
00
00
00
00
00
00
00
00
00
00
00
00
00
00
00
00
00
00
00
00
00
00
00
00
00
00
00
00
00
00
00
00
00
00
00
00
00
00
00
00
00
00
00
00
00
00
00
00
00
00
00
00
00
00
00
00
00
00
00
00
00
00
00
00
00
00
00
00
00
00
00
00
00
00
00
00
00
00
00
00
00
00
00
00
00
00
00
00
00
00
00
00
00
00
00
00
00
00
00
00
00
01
00
00
00
F0
00
F0
FF
0F
00
00
3F
4A
00
00
3F
00
00
00
F1
FF
FF
FF
FF
00
00
00
00
00
00
00
00
00
00
00
00
00
00
00
00
00
00
00
00
00
00
00
00
00
00
00
00
00
00
00
00
00
00
00
00
00
00
00
00
00
00
00
00
00
00
00
00
00
00
00
00
00
00
00
00
00
00
00
00
00
00
00
00
00
00
00
00
00
00
00
00
00
00
00
00
00
00
00
00
00
00
00
00
00
00
00
00
00
00
00
00
00
00
00
00
00
00
00
00
00
00
00
00
00
00
00
00
00
00
00
00
00
00
00
00
00
00
00
00
00
00
00
00
00
00
00
00
00
00
00
00
00
00
00
00
00
00
00
00
00
00
00
00
00
00
00
00
00
00
00
00
00
00
00
00
00
00
00
00
00
00
00
00
00
00
00
00
00
00
00
00
00
00
00
00
00
00
00
00
00
00
00
00
00
00
00
00
00
00
00
00
00
00
00
00
00
00
00
00
00
00
00
00
00
00
00
00
00
00
00
00
00
00
00
00
00
00
00
00
00
00
00
00
00
00
00
00
00
00
00
00
00
00
00
00
00
00
00
00
00
00
00
00
00
00
00
00
00
00
00
00
00
00
00
00
00
00
00
00
00
00
00
00
00
00
00
00
00
00
00
00
00
00
00
00
00
00
00
00
00
00
00
00
00
00
00
00
00
00
00
00
00
00
00
00
00
00
00
00
00
00
00
00
00
00
00
00
00
00
00
00
00
00
00
00
00
00
00
00
00
00
00
00
00
00
00
00
00
00
00
00
00
00
00
00
00
00
00
00
00
00
00
00
00
00
00
00
00
00
00
00
00
00
00
00
00
00
00
00
00
00
00
00
00
00
00
00
00
00
00
00
00
00
00
00
00
00
00
00
00
00
00
00
00
00
00
00
00
00
00
00
00
00
00
00
00
00
00
00
00
00
00
00
00
00
00
00
00
00
00
00
00
00
00
00
00
00
00
00
00
00
00
00
00
00
00
00
00
00
00
00
00
00
00
00
00
00
00
00
00
00
00
00
00
00
00
00
00
00
00
00
00
00
00
00
00
00
00
00
00
00
00
00
00
00
00
00
00
00
00
00
00
00
00
00
00
00
00
00
00
00
00
00
00
00
00
00
00
00
00
00
00
00
00
00
00
00
00
00
00
00
00
00
00
00
00
00
00
00
00
00
00
00
00
00
00
00
00
00
00
00
00
00
00
00
00
00
00
00
00
00
00
00
00
00
00
00
00
00
00
00
00
00
00
00
00
00
00
00
00
00
00
00
00
00
00
00
00
00
00
00
00
00
00
00
00
00
00
00
00
00
00
00
00
00
00
00
00
00
00
00
00
00
00
00
00
00
00
00
00
00
00
00
00
00
00
00
00
00
00
00
00
00
00
00
00
00
00
00
00
00
00
00
00
00
00
00
00
00
00
00
00
00
00
00
00
00
00
00
00
00
00
00
00
00
00
00
00
00
00
00
00
00
00
00
00
00
00
00
00
00
00
00
00
00
00
00
00
00
00
00
00
00
00
00
00
00
00
00
00
00
00
00
00
00
00
00
00
00
00
00
00
00
00
00
00
00
00
00
00
00
00
00
00
00
00
00
00
00
00
00
00
00
00
00
00
00
00
00
00
00
00
00
00
00
00
00
00
00
00
00
00
00
00
00
00
00
00
00
00
00
00
00
00
00
00
00
00
00
00
00
00
00
00
00
00
00
00
00
00
00
00
00
00
00
00
00
00
00
00
00
00
00
00
00
00
00
00
00
00
00
00
00
00
00
00
00
00
00
00
00
00
00
00
00
00
00
00
00
00
00
00
00
00
00
00
00
00
00
00
00
00
00
00
00
00
00
00
00
00
00
00
00
00
00
00
00
00
00
00
00
00
00
00
00
00
00
00
00
00
00
00
00
00
00
00
00
00
00
00
00
00
00
00
00
00
00
00
00
00
00
00
00
00
00
00
00
00
00
00
00
00
00
00
00
00
00
00
00
00
00
00
00
00
00
00
00
00
00
00
00
00
00
00
00
00
00
00
00
00
00
00
00
00
00
00
00
00
00
00
00
00
00
00
00
00
00
00
00
00
00
00
00
00
00
00
00
00
00
00
00
00
00
00
00
00
00
00
00
00
00
00
00
00
00
00
00
00
00
00
00
00
00
00
00
00
00
00
00
00
00
00
00
00
00
00
00
00
00
00
00
00
00
00
00
00
00
00
00
00
00
00
00
00
00
00
00
00
00
00
00
00
00
00
00
00
00
00
00
00
00
00
00
00
00
00
00
00
00
00
00
00
00
00
00
00
00
00
00
00
00
00
00
00
00
00
00
00
00
00
00
00
00
00
00
00
00
00
00
00
00
00
00
00
00
00
00
00
00
00
00
00
00
00
00
00
00
00
00
00
00
00
00
00
00
00
00
00
00
00
00
00
00
00
00
00
00
00
00
00
00
00
00
00
00
00
00
00
00
00
00
00
00
00
00
00
00
00
00
00
00
00
00
00
00
00
00
00
00
00
00
00
00
00
00
00
00
00
00
00
00
00
00
00
00
00
00
00
00
00
00
00
00
00
00
00
00
00
00
00
00
00
00
00
00
00
00
00
00
00
00
00
00
00
00
00
00
00
00
00
00
00
00
00
00
00
00
00
00
00
00
00
00
00
00
00
00
00
00
00
00
00
00
00
00
00
00
00
00
00
00
00
00
00
00
00
00
00
00
00
00
00
00
00
00
00
00
00
00
00
00
00
00
00
00
00
00
00
00
00
00
00
00
00
00
00
00
00
00
00
00
00
00
00
00
00
00
00
00
00
00
00
00
00
00
00
00
00
00
00
00
00
00
00
00
00
00
00
00
00
00
00
00
00
00
00
00
00
00
00
00
00
00
00
00
00
00
00
00
00
00
00
00
00
00
00
00
00
00
00
00
00
00
00
00
00
00
00
00
00
00
00
00
00
00
00
00
00
00
00
00
00
00
00
00
00
00
00
00
00
00
00
00
00
00
00
00
00
00
00
00
00
00
00
00
00
00
00
00
00
00
00
00
00
00
00
00
00
00
00
00
00
00
00
00
00
00
00
00
00
00
00
00
00
00
00
00
00
00
00
00
00
00
00
00
00
00
00
00
00
00
00
00
00
00
00
00
00
00
00
00
00
00
00
00
00
00
00
00
00
00
00
00
00
00
00
00
00
00
00
00
00
00
00
00
00
00
00
00
00
00
00
00
00
00
00
00
00
00
00
00
00
00
00
00
00
00
00
00
00
00
00
00
00
00
00
00
00
00
00
00
00
00
00
00
00
00
00
00
00
00
00
00
00
00
00
00
00
00
00
00
00
00
00
00
00
00
00
00
00
00
00
00
00
00
00
00
00
00
00
00
00
00
00
00
00
00
00
00
00
00
00
00
00
00
00
00
00
00
00
00
00
00
00
00
00
00
00
00
00
00
00
00
00
00
00
00
00
00
00
00
00
00
00
00
00
00
00
00
00
00
00
00
00
00
00
00
00
00
00
00
00
00
00
00
00
00
00
00
00
00
00
00
00
00
00
00
00
00
00
00
00
00
00
00
00
00
00
00
00
00
00
00
00
00
00
00
00
00
00
00
00
00
00
00
00
00
00
00
00
00
00
00
00
00
00
00
00
00
00
00
00
00
00
00
00
00
00
00
00
00
00
00
00
00
00
00
00
00
00
00
00
00
00
00
00
00
00
00
00
00
00
00
00
00
00
00
00
00
00
00
00
00
00
00
00
00
00
00
00
00
00
00
00
00
00
00
00
00
00
00
00
00
00
00
00
00
00
00
00
00
00
00
00
00
00
00
00
00
00
00
00
00
00
00
00
00
00
00
00
00
00
00
00
00
00
00
00
00
00
00
00
00
00
00
00
00
00
00
00
00
00
00
00
00
00
00
00
00
00
00
00
00
00
00
00
00
00
00
00
00
00
00
00
00
00
00
00
00
00
00
00
00
00
00
00
00
00
00
00
00
00
00
00
00
00
00
00
00
00
00
00
00
00
00
00
00
00
00
00
00
00
00
00
00
00
00
00
00
00
00
00
00
00
00
00
00
00
00
00
00
00
00
00
00
00
00
00
00
00
00
00
00
00
00
00
00
00
00
00
00
00
00
00
00
00
00
00
00
00
00
00
00
00
00
00
00
00
00
00
00
00
00
00
00
00
00
00
00
00
00
00
00
00
00
00
00
00
00
00
00
00
00
00
00
00
00
00
00
00
00
00
00
00
00
00
00
00
00
00
00
00
00
00
00
00
00
00
00
00
00
00
00
00
00
00
00
00
00
00
00
00
00
00
00
00
00
00
00
00
00
00
00
00
00
00
00
00
00
00
00
00
00
00
00
00
00
00
00
00
00
00
00
00
00
00
00
00
00
00
00
00
00
00
00
00
00
00
00
00
00
00
00
00
00
00
00
00
00
00
00
00
00
00
00
00
00
00
00
00
00
00
00
00
00
00
00
00
00
00
00
00
00
00
00
00
00
00
00
00
00
00
00
00
00
00
00
00
00
00
00
00
00
00
00
00
00
00
00
00
00
00
00
00
00
00
00
00
00
00
00
00
00
00
00
00
00
00
00
00
00
00
00
00
00
00
00
00
00
00
00
00
00
00
00
00
00
00
00
00
00
00
00
00
00
00
00
00
00
00
00
00
00
00
00
00
00
00
00
00
00
00
00
00
00
00
00
00
00
00
00
00
00
00
00
00
00
00
00
00
00
00
00
00
00
00
00
00
00
00
00
00
00
00
00
00
00
00
00
00
00
00
00
00
00
00
00
00
00
00
00
00
00
00
00
00
00
00
00
00
00
00
00
00
00
00
00
00
00
00
00
00
00
00
00
00
00
00
00
00
00
00
00
00
00
00
00
00
00
00
00
00
00
00
00
00
00
00
00
00
00
00
00
00
00
00
00
00
00
00
00
00
00
00
00
00
00
00
00
00
00
00
00
00
00
00
00
00
00
00
00
00
00
00
00
00
00
00
00
00
00
00
00
00
00
00
00
00
00
00
00
00
00
00
00
00
00
00
00
00
00
00
00
00
00
00
00
00
00
00
00
00
00
00
00
00
00
00
00
00
00
00
00
00
00
00
00
00
00
00
00
00
00
00
00
00
00
00
00
00
00
00
00
00
00
00
00
00
00
00
00
00
00
00
00
00
00
00
00
00
00
00
00
00
00
00
00
00
00
00
00
00
00
00
00
00
00
00
00
00
00
00
00
00
00
00
00
00
00
00
00
00
00
00
00
00
00
00
00
00
00
00
00
00
00
00
00
00
00
00
00
00
00
00
00
00
00
00
00
00
00
00
00
00
00
00
00
00
00
00
00
00
00
00
00
00
00
00
00
00
00
00
00
00
00
00
00
00
00
00
00
00
00
00
00
00
00
00
00
00
00
00
00
00
00
00
00
00
00
00
00
00
00
00
00
00
00
00
00
00
00
00
00
00
00
00
00
00
00
00
00
00
00
00
00
00
00
00
00
00
00
00
00
00
00
00
00
00
00
00
00
00
00
00
00
00
00
00
00
00
00
00
00
00
00
00
00
00
00
00
00
00
00
00
00
00
00
00
00
00
00
00
00
00
00
00
00
00
00
00
00
00
00
00
00
00
00
00
00
00
00
00
00
00
00
00
00
00
00
00
00
00
00
00
00
00
00
00
00
00
00
00
00
00
00
00
00
00
00
00
00
00
00
00
00
00
00
00
00
00
00
00
00
00
00
00
00
00
00
00
00
00
00
00
00
00
00
00
00
00
00
00
00
00
00
00
00
00
00
00
00
00
00
00
00
00
00
00
00
00
00
00
00
00
00
00
00
00
00
00
00
00
00
00
00
00
00
00
00
00
00
00
00
00
00
00
00
00
00
00
00
00
00
00
00
00
00
00
00
00
00
00
00
00
00
00
00
00
00
00
00
00
00
00
00
00
00
00
00
00
00
00
00
00
00
00
00
00
00
00
00
00
00
00
00
00
00
00
00
00
00
00
00
00
00
00
00
00
00
00
00
00
00
00
00
00
00
00
00
00
00
00
00
00
00
00
00
00
00
00
00
00
00
00
00
00
00
00
00
00
00
00
00
00
00
00
00
00
00
00
00
00
00
00
00
00
00
00
00
00
00
00
00
00
00
00
00
00
00
00
00
00
00
00
00
00
00
00
00
00
00
00
00
00
00
00
00
00
00
00
00
00
00
00
00
00
00
00
00
00
00
00
00
00
00
00
00
00
00
00
00
00
00
00
00
00
00
00
00
00
00
00
00
00
00
00
00
00
00
00
00
00
00
00
00
00
00
00
00
00
00
00
00
00
00
00
00
00
00
00
00
00
00
00
00
00
00
00
00
00
00
00
00
00
00
00
00
00
00
00
00
00
00
00
00
00
00
00
00
00
00
00
00
00
00
00
00
00
00
00
00
00
00
00
00
00
00
00
00
00
00
00
00
00
00
00
00
00
00
00
00
00
00
00
00
00
00
00
00
00
00
00
00
00
00
00
00
00
00
00
00
00
00
00
00
00
00
00
00
00
00
00
00
00
00
00
00
00
00
00
00
00
00
00
00
00
00
00
00
00
00
00
00
00
00
00
00
00
00
00
00
00
00
00
00
00
00
00
00
00
00
00
00
00
00
00
00
00
00
00
00
00
00
00
00
00
00
00
00
00
00
00
00
00
00
00
00
00
00
00
00
00
00
00
00
00
00
00
00
00
00
00
00
00
00
00
00
00
00
00
00
00
00
00
00
00
00
00
00
00
00
00
00
00
00
00
00
00
00
00
00
00
00
00
00
00
00
00
00
00
00
00
00
00
00
00
00
00
00
00
00
00
00
00
00
00
00
00
00
00
00
00
00
00
00
00
00
00
00
00
00
00
00
00
00
00
00
00
00
00
00
00
00
00
00
00
00
00
00
00
00
00
00
00
00
00
00
00
00
00
00
00
00
00
00
00
00
00
00
00
00
00
00
00
