version: (200506)

available memory: 64M bytes
used memory: 155648 bytes [need 152K bytes if disable swap]

used block: 5 [memory(5) file(0)]
                 [ 8K(3) 64K(2) { total 152K bytes } ]
overhead: (9538) bytes for (5) blocks [Average: (1907) bytes/block]

write  => 0(times) 0K(bytes) [0K bytes to file]
read   => 2(times) 45K(bytes) [7K bytes compressed data from file]
access => 214900(times) 1685M(bytes)
          [hit ratio: 99.9991%]

time: write(0) read(0)  unit: second

swap file directory: (/home/davidm12/ece411/mp1/cacheline_adaptor/verdi/verdiLog)
used swap file number: (3)



swap file manager:
arrSize: (256)
idxCnt: (4)
closeHead: (1)
closeTail: (3)
openCnt: (3)
fid(3): fd(1073741825) fileName(/home/davidm12/ece411/mp1/cacheline_adaptor/sim/simv.daidir/kdb.elab++/work.lib++/cacheline_adaptor.sv.tdc)
	size(3294) lastModTime(1662176009) curModTime(1662176009)
	mode(rb)	hot(0) cool(2) pos(0)
fid(2): fd(27) fileName(/home/davidm12/ece411/mp1/cacheline_adaptor/verdi/verdiLog/_swap_0001#380372454#4154658)
	size(0) lastModTime(0) curModTime(1662176324)
	mode(w+b)	hot(3) cool(1) pos(0)
fid(1): fd(1073741824) fileName(/home/davidm12/ece411/mp1/cacheline_adaptor/sim/simv.daidir/kdb.elab++/work.lib++/testbench.sv.tdc)
	size(9266) lastModTime(1662176009) curModTime(1662176009)
	mode(rb)	hot(2) cool(0) pos(0)
fid(0): fd(0) fileName(NULL)
	mode(NULL)	hot(0) cool(0) pos(0)
==================================================
mySelf(1772b470) pre(15a9d670) next(0)
version(200506)
date(Mar 24 2021 03:58:02)
