version: (200506)

available memory: 64M bytes
used memory: 81920 bytes [need 80K bytes if disable swap]

used block: 3 [memory(3) file(0)]
                 [ 8K(2) 64K(1) { total 80K bytes } ]
overhead: (9538) bytes for (3) blocks [Average: (3179) bytes/block]

write  => 0(times) 0K(bytes) [0K bytes to file]
read   => 1(times) 14K(bytes) [3K bytes compressed data from file]
access => 37922(times) 299M(bytes)
          [hit ratio: 99.9974%]

time: write(0) read(0)  unit: second

swap file directory: (/home/davidm12/ece411/mp3/verdi/verdiLog)
used swap file number: (1)



swap file manager:
arrSize: (256)
idxCnt: (3)
closeHead: (1)
closeTail: (2)
openCnt: (1)
fid(2): fd(26) fileName(/home/davidm12/ece411/mp3/verdi/verdiLog/_swap_0001#-1367302981#81297)
	size(0) lastModTime(0) curModTime(1670184488)
	mode(w+b)	hot(0) cool(1) pos(0)
fid(1): fd(0) fileName(NULL)
	mode(rb)	hot(2) cool(0) pos(0)
fid(0): fd(0) fileName(NULL)
	mode(NULL)	hot(0) cool(0) pos(0)
Swap system is reset at (Sun Dec  4 14:09:09 2022
)
version: (200506)

available memory: 64M bytes
used memory: 163840 bytes [need 80K bytes if disable swap]

used block: 6 [memory(6) file(0)]
                 [ 8K(4) 64K(2) { total 160K bytes } ]
overhead: (9538) bytes for (6) blocks [Average: (1589) bytes/block]

write  => 0(times) 0K(bytes) [0K bytes to file]
read   => 2(times) 28K(bytes) [6K bytes compressed data from file]
access => 67286(times) 532M(bytes)
          [hit ratio: 99.997%]

time: write(0) read(0)  unit: second

swap file directory: (/home/davidm12/ece411/mp3/verdi/verdiLog)
used swap file number: (3)



swap file manager:
arrSize: (256)
idxCnt: (5)
closeHead: (3)
closeTail: (4)
openCnt: (2)
fid(4): fd(33) fileName(/home/davidm12/ece411/mp3/verdi/verdiLog/_swap_0001#-1367302981#81297)
	size(0) lastModTime(0) curModTime(1670184550)
	mode(w+b)	hot(0) cool(3) pos(0)
fid(3): fd(1073741824) fileName(/home/davidm12/ece411/mp3/sim/simv.daidir/kdb.elab++/work.lib++/top.sv.tdc)
	size(5216) lastModTime(1665096661) curModTime(1665096661)
	mode(rb)	hot(4) cool(0) pos(0)
fid(2): fd(0) fileName(NULL)
	mode(NULL)	hot(0) cool(0) pos(0)
fid(1): fd(0) fileName(NULL)
	mode(NULL)	hot(0) cool(0) pos(0)
fid(0): fd(0) fileName(NULL)
	mode(NULL)	hot(0) cool(0) pos(0)
==================================================
mySelf(17c96030) pre(17befe80) next(0)
version(200506)
date(Mar 24 2021 03:58:02)
